<?xml version="1.0" encoding="UTF-8"?>
<testsuite name="GivenWhiteBox" tests="16" skipped="0" failures="1" errors="0" timestamp="2021-03-20T04:44:53" hostname="DESKTOP-A4VBPBG" time="0.02">
  <properties/>
  <testcase name="checkoutThreeBears" classname="GivenWhiteBox" time="0.001"/>
  <testcase name="RemoveTrueCheese" classname="GivenWhiteBox" time="0.001"/>
  <testcase name="checkoutOneBear" classname="GivenWhiteBox" time="0.0"/>
  <testcase name="checkoutOneBearTwoNoise" classname="GivenWhiteBox" time="0.009"/>
  <testcase name="checkoutOneBearStuffing" classname="GivenWhiteBox" time="0.001"/>
  <testcase name="RemoveFalseCheese" classname="GivenWhiteBox" time="0.0"/>
  <testcase name="checkoutOneBearUnderageButWithGaurdian" classname="GivenWhiteBox" time="0.002"/>
  <testcase name="checkoutSixBears" classname="GivenWhiteBox" time="0.001"/>
  <testcase name="calcOneBearTwoNoise" classname="GivenWhiteBox" time="0.001"/>
  <testcase name="checkoutOneBearCA" classname="GivenWhiteBox" time="0.0"/>
  <testcase name="checkoutOneBearDC" classname="GivenWhiteBox" time="0.0"/>
  <testcase name="checkoutOneBearNY" classname="GivenWhiteBox" time="0.001"/>
  <testcase name="calcSavingsSixBears" classname="GivenWhiteBox" time="0.0"/>
  <testcase name="checkoutOneBearDefault" classname="GivenWhiteBox" time="0.001"/>
  <testcase name="oneBearWithHat" classname="GivenWhiteBox" time="0.0"/>
  <testcase name="oneBearWithHatSavings" classname="GivenWhiteBox" time="0.001">
    <failure message="java.lang.AssertionError: expected:&lt;15.1&gt; but was:&lt;34.0&gt;" type="java.lang.AssertionError">java.lang.AssertionError: expected:&lt;15.1&gt; but was:&lt;34.0&gt;
	at org.junit.Assert.fail(Assert.java:88)
	at org.junit.Assert.failNotEquals(Assert.java:834)
	at org.junit.Assert.assertEquals(Assert.java:553)
	at org.junit.Assert.assertEquals(Assert.java:683)
	at GivenWhiteBox.oneBearWithHatSavings(GivenWhiteBox.java:176)
	at java.base/jdk.internal.reflect.NativeMethodAccessorImpl.invoke0(Native Method)
	at java.base/jdk.internal.reflect.NativeMethodAccessorImpl.invoke(NativeMethodAccessorImpl.java:64)
	at java.base/jdk.internal.reflect.DelegatingMethodAccessorImpl.invoke(DelegatingMethodAccessorImpl.java:43)
	at java.base/java.lang.reflect.Method.invoke(Method.java:564)
	at org.junit.runners.model.FrameworkMethod$1.runReflectiveCall(FrameworkMethod.java:50)
	at org.junit.internal.runners.model.ReflectiveCallable.run(ReflectiveCallable.java:12)
	at org.junit.runners.model.FrameworkMethod.invokeExplosively(FrameworkMethod.java:47)
	at org.junit.internal.runners.statements.InvokeMethod.evaluate(InvokeMethod.java:17)
	at org.junit.internal.runners.statements.RunBefores.evaluate(RunBefores.java:26)
	at org.junit.runners.ParentRunner.runLeaf(ParentRunner.java:325)
	at org.junit.runners.BlockJUnit4ClassRunner.runChild(BlockJUnit4ClassRunner.java:78)
	at org.junit.runners.BlockJUnit4ClassRunner.runChild(BlockJUnit4ClassRunner.java:57)
	at org.junit.runners.ParentRunner$3.run(ParentRunner.java:290)
	at org.junit.runners.ParentRunner$1.schedule(ParentRunner.java:71)
	at org.junit.runners.ParentRunner.runChildren(ParentRunner.java:288)
	at org.junit.runners.ParentRunner.access$000(ParentRunner.java:58)
	at org.junit.runners.ParentRunner$2.evaluate(ParentRunner.java:268)
	at org.junit.runners.ParentRunner.run(ParentRunner.java:363)
	at org.gradle.api.internal.tasks.testing.junit.JUnitTestClassExecutor.runTestClass(JUnitTestClassExecutor.java:110)
	at org.gradle.api.internal.tasks.testing.junit.JUnitTestClassExecutor.execute(JUnitTestClassExecutor.java:58)
	at org.gradle.api.internal.tasks.testing.junit.JUnitTestClassExecutor.execute(JUnitTestClassExecutor.java:38)
	at org.gradle.api.internal.tasks.testing.junit.AbstractJUnitTestClassProcessor.processTestClass(AbstractJUnitTestClassProcessor.java:62)
	at org.gradle.api.internal.tasks.testing.SuiteTestClassProcessor.processTestClass(SuiteTestClassProcessor.java:51)
	at java.base/jdk.internal.reflect.NativeMethodAccessorImpl.invoke0(Native Method)
	at java.base/jdk.internal.reflect.NativeMethodAccessorImpl.invoke(NativeMethodAccessorImpl.java:64)
	at java.base/jdk.internal.reflect.DelegatingMethodAccessorImpl.invoke(DelegatingMethodAccessorImpl.java:43)
	at java.base/java.lang.reflect.Method.invoke(Method.java:564)
	at org.gradle.internal.dispatch.ReflectionDispatch.dispatch(ReflectionDispatch.java:36)
	at org.gradle.internal.dispatch.ReflectionDispatch.dispatch(ReflectionDispatch.java:24)
	at org.gradle.internal.dispatch.ContextClassLoaderDispatch.dispatch(ContextClassLoaderDispatch.java:33)
	at org.gradle.internal.dispatch.ProxyDispatchAdapter$DispatchingInvocationHandler.invoke(ProxyDispatchAdapter.java:94)
	at com.sun.proxy.$Proxy5.processTestClass(Unknown Source)
	at org.gradle.api.internal.tasks.testing.worker.TestWorker.processTestClass(TestWorker.java:119)
	at java.base/jdk.internal.reflect.NativeMethodAccessorImpl.invoke0(Native Method)
	at java.base/jdk.internal.reflect.NativeMethodAccessorImpl.invoke(NativeMethodAccessorImpl.java:64)
	at java.base/jdk.internal.reflect.DelegatingMethodAccessorImpl.invoke(DelegatingMethodAccessorImpl.java:43)
	at java.base/java.lang.reflect.Method.invoke(Method.java:564)
	at org.gradle.internal.dispatch.ReflectionDispatch.dispatch(ReflectionDispatch.java:36)
	at org.gradle.internal.dispatch.ReflectionDispatch.dispatch(ReflectionDispatch.java:24)
	at org.gradle.internal.remote.internal.hub.MessageHubBackedObjectConnection$DispatchWrapper.dispatch(MessageHubBackedObjectConnection.java:182)
	at org.gradle.internal.remote.internal.hub.MessageHubBackedObjectConnection$DispatchWrapper.dispatch(MessageHubBackedObjectConnection.java:164)
	at org.gradle.internal.remote.internal.hub.MessageHub$Handler.run(MessageHub.java:414)
	at org.gradle.internal.concurrent.ExecutorPolicy$CatchAndRecordFailures.onExecute(ExecutorPolicy.java:64)
	at org.gradle.internal.concurrent.ManagedExecutorImpl$1.run(ManagedExecutorImpl.java:48)
	at java.base/java.util.concurrent.ThreadPoolExecutor.runWorker(ThreadPoolExecutor.java:1130)
	at java.base/java.util.concurrent.ThreadPoolExecutor$Worker.run(ThreadPoolExecutor.java:630)
	at org.gradle.internal.concurrent.ThreadFactoryImpl$ManagedThreadRunnable.run(ThreadFactoryImpl.java:56)
	at java.base/java.lang.Thread.run(Thread.java:832)
</failure>
  </testcase>
  <system-out><![CDATA[Temp Before: 90.0
Temp After: 30.0
Cost: 90.0
Temp Before: 0.0
Temp After: 0.0
Cost: 0.0
Temp Before: 30.0
Temp After: 30.0
Cost: 30.0
Temp Before: 40.0
Temp After: 40.0
Cost: 40.0
Temp Before: 40.0
Temp After: 40.0
Cost: 40.0
Temp Before: 30.0
Temp After: 30.0
Cost: 30.0
Temp Before: 30.0
Temp After: 30.0
Cost: 30.0
Temp Before: 180.0
Temp After: 30.0
Cost: 180.0
raw cost: 40.0
cost: 40.0
savings: 0.0
cost again: 40.0
discountTracker: 0.0
NumAcc: 1
AS: 0.0
Savings: 0.0
----------------
Temp Before: 30.0
Temp After: 30.0
Cost: 30.0
Temp Before: 30.0
Temp After: 30.0
Cost: 30.0
Temp Before: 30.0
Temp After: 30.0
Cost: 30.0
raw cost: 180.0
cost: 180.0
savings: 0.0
cost again: 180.0
discountTracker: 60.0
NumAcc: 0
NumAcc: 0
NumAcc: 0
NumAcc: 0
AS: 0.0
Savings: 60.0
----------------
Temp Before: 30.0
Temp After: 30.0
Cost: 30.0
Temp Before: 70.0
Temp After: 70.0
Cost: 70.0
raw cost: 90.0
cost: 70.0
savings: 20.0
cost again: 70.0
discountTracker: 0.0
NumAcc: 10
AS: 14.0
Savings: 20.0
----------------
]]></system-out>
  <system-err><![CDATA[]]></system-err>
</testsuite>
